# JRE version: OpenJDK Runtime Environment (8.0_152-b01) (build 1.8.0_152-release-915-b01)
# Java VM: OpenJDK 64-Bit Server VM (25.152-b01 mixed mode windows-amd64 compressed oops)
Heap:
 PSYoungGen      total 441856K, used 317063K [0x00000000e0000000, 0x00000000ff780000, 0x0000000100000000)
  eden space 363520K, 80% used [0x00000000e0000000,0x00000000f1c56538,0x00000000f6300000)
  from space 78336K, 33% used [0x00000000f6300000,0x00000000f7c4b870,0x00000000faf80000)
  to   space 73728K, 0% used [0x00000000faf80000,0x00000000faf80000,0x00000000ff780000)
 ParOldGen       total 168960K, used 79503K [0x00000000a0000000, 0x00000000aa500000, 0x00000000e0000000)
  object space 168960K, 47% used [0x00000000a0000000,0x00000000a4da3f90,0x00000000aa500000)
 Metaspace       used 79267K, capacity 84032K, committed 84096K, reserved 1122304K
  class space    used 10224K, capacity 11380K, committed 11392K, reserved 1048576K
GC Heap History (10 events):
Event: 1130.364 GC heap before
{Heap before GC invocations=29 (full 5):
 PSYoungGen      total 442368K, used 442111K [0x00000000e0000000, 0x0000000100000000, 0x0000000100000000)
  eden space 376832K, 99% used [0x00000000e0000000,0x00000000f6ff3db0,0x00000000f7000000)
  from space 65536K, 99% used [0x00000000f7000000,0x00000000fafcbee0,0x00000000fb000000)
  to   space 81920K, 0% used [0x00000000fb000000,0x00000000fb000000,0x0000000100000000)
 ParOldGen       total 190464K, used 143153K [0x00000000a0000000, 0x00000000aba00000, 0x00000000e0000000)
  object space 190464K, 75% used [0x00000000a0000000,0x00000000a8bcc718,0x00000000aba00000)
 Metaspace       used 69898K, capacity 74044K, committed 74240K, reserved 1114112K
  class space    used 9142K, capacity 10186K, committed 10240K, reserved 1048576K
Event: 1134.323 GC heap after
Heap after GC invocations=29 (full 5):
 PSYoungGen      total 443904K, used 16350K [0x00000000e0000000, 0x0000000100000000, 0x0000000100000000)
  eden space 361984K, 0% used [0x00000000e0000000,0x00000000e0000000,0x00000000f6180000)
  from space 81920K, 19% used [0x00000000fb000000,0x00000000fbff7a00,0x0000000100000000)
  to   space 80384K, 0% used [0x00000000f6180000,0x00000000f6180000,0x00000000fb000000)
 ParOldGen       total 190464K, used 176147K [0x00000000a0000000, 0x00000000aba00000, 0x00000000e0000000)
  object space 190464K, 92% used [0x00000000a0000000,0x00000000aac04c68,0x00000000aba00000)
 Metaspace       used 69898K, capacity 74044K, committed 74240K, reserved 1114112K
  class space    used 9142K, capacity 10186K, committed 10240K, reserved 1048576K
}
Event: 1134.323 GC heap before
{Heap before GC invocations=30 (full 6):
 PSYoungGen      total 443904K, used 16350K [0x00000000e0000000, 0x0000000100000000, 0x0000000100000000)
  eden space 361984K, 0% used [0x00000000e0000000,0x00000000e0000000,0x00000000f6180000)
  from space 81920K, 19% used [0x00000000fb000000,0x00000000fbff7a00,0x0000000100000000)
  to   space 80384K, 0% used [0x00000000f6180000,0x00000000f6180000,0x00000000fb000000)
 ParOldGen       total 190464K, used 176147K [0x00000000a0000000, 0x00000000aba00000, 0x00000000e0000000)
  object space 190464K, 92% used [0x00000000a0000000,0x00000000aac04c68,0x00000000aba00000)
 Metaspace       used 69898K, capacity 74044K, committed 74240K, reserved 1114112K
  class space    used 9142K, capacity 10186K, committed 10240K, reserved 1048576K
Event: 1181.045 GC heap after
Heap after GC invocations=30 (full 6):
 PSYoungGen      total 443904K, used 0K [0x00000000e0000000, 0x0000000100000000, 0x0000000100000000)
  eden space 361984K, 0% used [0x00000000e0000000,0x00000000e0000000,0x00000000f6180000)
  from space 81920K, 0% used [0x00000000fb000000,0x00000000fb000000,0x0000000100000000)
  to   space 80384K, 0% used [0x00000000f6180000,0x00000000f6180000,0x00000000fb000000)
 ParOldGen       total 168960K, used 79495K [0x00000000a0000000, 0x00000000aa500000, 0x00000000e0000000)
  object space 168960K, 47% used [0x00000000a0000000,0x00000000a4da1f90,0x00000000aa500000)
 Metaspace       used 69893K, capacity 74026K, committed 74240K, reserved 1114112K
  class space    used 9140K, capacity 10183K, committed 10240K, reserved 1048576K
}
Event: 1181.406 GC heap before
{Heap before GC invocations=31 (full 6):
 PSYoungGen      total 443904K, used 361850K [0x00000000e0000000, 0x0000000100000000, 0x0000000100000000)
  eden space 361984K, 99% used [0x00000000e0000000,0x00000000f615e970,0x00000000f6180000)
  from space 81920K, 0% used [0x00000000fb000000,0x00000000fb000000,0x0000000100000000)
  to   space 80384K, 0% used [0x00000000f6180000,0x00000000f6180000,0x00000000fb000000)
 ParOldGen       total 168960K, used 79495K [0x00000000a0000000, 0x00000000aa500000, 0x00000000e0000000)
  object space 168960K, 47% used [0x00000000a0000000,0x00000000a4da1f90,0x00000000aa500000)
 Metaspace       used 69907K, capacity 74026K, committed 74240K, reserved 1114112K
  class space    used 9140K, capacity 10183K, committed 10240K, reserved 1048576K
Event: 1181.411 GC heap after
Heap after GC invocations=31 (full 6):
 PSYoungGen      total 442368K, used 96K [0x00000000e0000000, 0x00000000ffe80000, 0x0000000100000000)
  eden space 361984K, 0% used [0x00000000e0000000,0x00000000e0000000,0x00000000f6180000)
  from space 80384K, 0% used [0x00000000f6180000,0x00000000f6198000,0x00000000fb000000)
  to   space 80384K, 0% used [0x00000000fb000000,0x00000000fb000000,0x00000000ffe80000)
 ParOldGen       total 168960K, used 79503K [0x00000000a0000000, 0x00000000aa500000, 0x00000000e0000000)
  object space 168960K, 47% used [0x00000000a0000000,0x00000000a4da3f90,0x00000000aa500000)
 Metaspace       used 69907K, capacity 74026K, committed 74240K, reserved 1114112K
  class space    used 9140K, capacity 10183K, committed 10240K, reserved 1048576K
}
Event: 1469.144 GC heap before
{Heap before GC invocations=32 (full 6):
 PSYoungGen      total 442368K, used 362080K [0x00000000e0000000, 0x00000000ffe80000, 0x0000000100000000)
  eden space 361984K, 100% used [0x00000000e0000000,0x00000000f6180000,0x00000000f6180000)
  from space 80384K, 0% used [0x00000000f6180000,0x00000000f6198000,0x00000000fb000000)
  to   space 80384K, 0% used [0x00000000fb000000,0x00000000fb000000,0x00000000ffe80000)
 ParOldGen       total 168960K, used 79503K [0x00000000a0000000, 0x00000000aa500000, 0x00000000e0000000)
  object space 168960K, 47% used [0x00000000a0000000,0x00000000a4da3f90,0x00000000aa500000)
 Metaspace       used 70841K, capacity 75362K, committed 75520K, reserved 1114112K
  class space    used 9297K, capacity 10449K, committed 10496K, reserved 1048576K
Event: 1469.303 GC heap after
Heap after GC invocations=32 (full 6):
 PSYoungGen      total 441344K, used 6217K [0x00000000e0000000, 0x00000000ffc00000, 0x0000000100000000)
  eden space 363520K, 0% used [0x00000000e0000000,0x00000000e0000000,0x00000000f6300000)
  from space 77824K, 7% used [0x00000000fb000000,0x00000000fb612740,0x00000000ffc00000)
  to   space 78336K, 0% used [0x00000000f6300000,0x00000000f6300000,0x00000000faf80000)
 ParOldGen       total 168960K, used 79503K [0x00000000a0000000, 0x00000000aa500000, 0x00000000e0000000)
  object space 168960K, 47% used [0x00000000a0000000,0x00000000a4da3f90,0x00000000aa500000)
 Metaspace       used 70841K, capacity 75362K, committed 75520K, reserved 1114112K
  class space    used 9297K, capacity 10449K, committed 10496K, reserved 1048576K
}
Event: 1978.840 GC heap before
{Heap before GC invocations=33 (full 6):
 PSYoungGen      total 441344K, used 369737K [0x00000000e0000000, 0x00000000ffc00000, 0x0000000100000000)
  eden space 363520K, 100% used [0x00000000e0000000,0x00000000f6300000,0x00000000f6300000)
  from space 77824K, 7% used [0x00000000fb000000,0x00000000fb612740,0x00000000ffc00000)
  to   space 78336K, 0% used [0x00000000f6300000,0x00000000f6300000,0x00000000faf80000)
 ParOldGen       total 168960K, used 79503K [0x00000000a0000000, 0x00000000aa500000, 0x00000000e0000000)
  object space 168960K, 47% used [0x00000000a0000000,0x00000000a4da3f90,0x00000000aa500000)
 Metaspace       used 76768K, capacity 81360K, committed 81536K, reserved 1120256K
  class space    used 9940K, capacity 11074K, committed 11136K, reserved 1048576K
Event: 2000.444 GC heap after
Heap after GC invocations=33 (full 6):
 PSYoungGen      total 441856K, used 25902K [0x00000000e0000000, 0x00000000ff780000, 0x0000000100000000)
  eden space 363520K, 0% used [0x00000000e0000000,0x00000000e0000000,0x00000000f6300000)
  from space 78336K, 33% used [0x00000000f6300000,0x00000000f7c4b870,0x00000000faf80000)
  to   space 73728K, 0% used [0x00000000faf80000,0x00000000faf80000,0x00000000ff780000)
 ParOldGen       total 168960K, used 79503K [0x00000000a0000000, 0x00000000aa500000, 0x00000000e0000000)
  object space 168960K, 47% used [0x00000000a0000000,0x00000000a4da3f90,0x00000000aa500000)
 Metaspace       used 76768K, capacity 81360K, committed 81536K, reserved 1120256K
  class space    used 9940K, capacity 11074K, committed 11136K, reserved 1048576K
}

